# JRE version: OpenJDK Runtime Environment (17.0.6) (build 17.0.6+0-b2043.56-10027231)
# Java VM: OpenJDK 64-Bit Server VM (17.0.6+0-b2043.56-10027231, mixed mode, tiered, compressed oops, compressed class ptrs, g1 gc, windows-amd64)
GC Precious Log:
 CPUs: 8 total, 8 available
 Memory: 16086M
 Large Page Support: Disabled
 NUMA Support: Disabled
 Compressed Oops: Enabled (32-bit)
 Heap Region Size: 1M
 Heap Min Capacity: 8M
 Heap Initial Capacity: 252M
 Heap Max Capacity: 2G
 Pre-touch: Disabled
 Parallel Workers: 8
 Concurrent Workers: 2
 Concurrent Refinement Workers: 8
 Periodic GC: Disabled
Heap:
 garbage-first heap   total 429056K, used 274592K [0x0000000080000000, 0x0000000100000000)
  region size 1024K, 26 young (26624K), 11 survivors (11264K)
 Metaspace       used 171550K, committed 172800K, reserved 1204224K
  class space    used 21978K, committed 22592K, reserved 1048576K
GC Heap History (20 events):
Event: 307.103 GC heap before
{Heap before GC invocations=96 (full 0):
 garbage-first heap   total 372736K, used 230766K [0x0000000080000000, 0x0000000100000000)
  region size 1024K, 18 young (18432K), 9 survivors (9216K)
 Metaspace       used 150080K, committed 150976K, reserved 1187840K
  class space    used 19469K, committed 19904K, reserved 1048576K
}
Event: 307.126 GC heap after
{Heap after GC invocations=97 (full 0):
 garbage-first heap   total 372736K, used 218351K [0x0000000080000000, 0x0000000100000000)
  region size 1024K, 3 young (3072K), 3 survivors (3072K)
 Metaspace       used 150080K, committed 150976K, reserved 1187840K
  class space    used 19469K, committed 19904K, reserved 1048576K
}
Event: 311.559 GC heap before
{Heap before GC invocations=97 (full 0):
 garbage-first heap   total 372736K, used 282863K [0x0000000080000000, 0x0000000100000000)
  region size 1024K, 67 young (68608K), 3 survivors (3072K)
 Metaspace       used 150114K, committed 151040K, reserved 1187840K
  class space    used 19479K, committed 19904K, reserved 1048576K
}
Event: 311.569 GC heap after
{Heap after GC invocations=98 (full 0):
 garbage-first heap   total 372736K, used 220517K [0x0000000080000000, 0x0000000100000000)
  region size 1024K, 5 young (5120K), 5 survivors (5120K)
 Metaspace       used 150114K, committed 151040K, reserved 1187840K
  class space    used 19479K, committed 19904K, reserved 1048576K
}
Event: 319.950 GC heap before
{Heap before GC invocations=99 (full 0):
 garbage-first heap   total 409600K, used 324965K [0x0000000080000000, 0x0000000100000000)
  region size 1024K, 91 young (93184K), 5 survivors (5120K)
 Metaspace       used 159847K, committed 160768K, reserved 1196032K
  class space    used 20728K, committed 21120K, reserved 1048576K
}
Event: 319.980 GC heap after
{Heap after GC invocations=100 (full 0):
 garbage-first heap   total 409600K, used 231310K [0x0000000080000000, 0x0000000100000000)
  region size 1024K, 12 young (12288K), 12 survivors (12288K)
 Metaspace       used 159847K, committed 160768K, reserved 1196032K
  class space    used 20728K, committed 21120K, reserved 1048576K
}
Event: 320.606 GC heap before
{Heap before GC invocations=100 (full 0):
 garbage-first heap   total 409600K, used 239502K [0x0000000080000000, 0x0000000100000000)
  region size 1024K, 20 young (20480K), 12 survivors (12288K)
 Metaspace       used 161487K, committed 162368K, reserved 1196032K
  class space    used 20858K, committed 21248K, reserved 1048576K
}
Event: 320.635 GC heap after
{Heap after GC invocations=101 (full 0):
 garbage-first heap   total 409600K, used 230648K [0x0000000080000000, 0x0000000100000000)
  region size 1024K, 2 young (2048K), 2 survivors (2048K)
 Metaspace       used 161487K, committed 162368K, reserved 1196032K
  class space    used 20858K, committed 21248K, reserved 1048576K
}
Event: 327.755 GC heap before
{Heap before GC invocations=101 (full 0):
 garbage-first heap   total 409600K, used 332024K [0x0000000080000000, 0x0000000100000000)
  region size 1024K, 101 young (103424K), 2 survivors (2048K)
 Metaspace       used 164185K, committed 165120K, reserved 1196032K
  class space    used 21131K, committed 21568K, reserved 1048576K
}
Event: 327.778 GC heap after
{Heap after GC invocations=102 (full 0):
 garbage-first heap   total 409600K, used 239814K [0x0000000080000000, 0x0000000100000000)
  region size 1024K, 11 young (11264K), 11 survivors (11264K)
 Metaspace       used 164185K, committed 165120K, reserved 1196032K
  class space    used 21131K, committed 21568K, reserved 1048576K
}
Event: 770.753 GC heap before
{Heap before GC invocations=102 (full 0):
 garbage-first heap   total 409600K, used 336070K [0x0000000080000000, 0x0000000100000000)
  region size 1024K, 105 young (107520K), 11 survivors (11264K)
 Metaspace       used 169651K, committed 170624K, reserved 1204224K
  class space    used 21850K, committed 22336K, reserved 1048576K
}
Event: 770.784 GC heap after
{Heap after GC invocations=103 (full 0):
 garbage-first heap   total 409600K, used 247562K [0x0000000080000000, 0x0000000100000000)
  region size 1024K, 9 young (9216K), 9 survivors (9216K)
 Metaspace       used 169651K, committed 170624K, reserved 1204224K
  class space    used 21850K, committed 22336K, reserved 1048576K
}
Event: 4183.668 GC heap before
{Heap before GC invocations=103 (full 0):
 garbage-first heap   total 409600K, used 338698K [0x0000000080000000, 0x0000000100000000)
  region size 1024K, 99 young (101376K), 9 survivors (9216K)
 Metaspace       used 170124K, committed 171200K, reserved 1204224K
  class space    used 21881K, committed 22400K, reserved 1048576K
}
Event: 4183.743 GC heap after
{Heap after GC invocations=104 (full 0):
 garbage-first heap   total 409600K, used 251450K [0x0000000080000000, 0x0000000100000000)
  region size 1024K, 4 young (4096K), 4 survivors (4096K)
 Metaspace       used 170124K, committed 171200K, reserved 1204224K
  class space    used 21881K, committed 22400K, reserved 1048576K
}
Event: 4189.653 GC heap before
{Heap before GC invocations=105 (full 0):
 garbage-first heap   total 429056K, used 343610K [0x0000000080000000, 0x0000000100000000)
  region size 1024K, 95 young (97280K), 4 survivors (4096K)
 Metaspace       used 170280K, committed 171328K, reserved 1204224K
  class space    used 21805K, committed 22400K, reserved 1048576K
}
Event: 4189.668 GC heap after
{Heap after GC invocations=106 (full 0):
 garbage-first heap   total 429056K, used 261061K [0x0000000080000000, 0x0000000100000000)
  region size 1024K, 12 young (12288K), 12 survivors (12288K)
 Metaspace       used 170280K, committed 171328K, reserved 1204224K
  class space    used 21805K, committed 22400K, reserved 1048576K
}
Event: 4190.267 GC heap before
{Heap before GC invocations=106 (full 0):
 garbage-first heap   total 429056K, used 269253K [0x0000000080000000, 0x0000000100000000)
  region size 1024K, 20 young (20480K), 12 survivors (12288K)
 Metaspace       used 170326K, committed 171392K, reserved 1204224K
  class space    used 21806K, committed 22400K, reserved 1048576K
}
Event: 4190.327 GC heap after
{Heap after GC invocations=107 (full 0):
 garbage-first heap   total 429056K, used 253017K [0x0000000080000000, 0x0000000100000000)
  region size 1024K, 3 young (3072K), 3 survivors (3072K)
 Metaspace       used 170326K, committed 171392K, reserved 1204224K
  class space    used 21806K, committed 22400K, reserved 1048576K
}
Event: 4217.172 GC heap before
{Heap before GC invocations=107 (full 0):
 garbage-first heap   total 429056K, used 355417K [0x0000000080000000, 0x0000000100000000)
  region size 1024K, 104 young (106496K), 3 survivors (3072K)
 Metaspace       used 171457K, committed 172672K, reserved 1204224K
  class space    used 21972K, committed 22592K, reserved 1048576K
}
Event: 4217.188 GC heap after
{Heap after GC invocations=108 (full 0):
 garbage-first heap   total 429056K, used 261280K [0x0000000080000000, 0x0000000100000000)
  region size 1024K, 11 young (11264K), 11 survivors (11264K)
 Metaspace       used 171457K, committed 172672K, reserved 1204224K
  class space    used 21972K, committed 22592K, reserved 1048576K
}

